15:36:07.940 [main] INFO  eclipselink.logging.all - EclipseLink, version: Eclipse Persistence Services - 2.7.3.v20180807-4be1041
15:36:09.198 [main] INFO  eclipselink.logging.connection - tessera login successful
15:36:09.385 [main] WARN  eclipselink.logging.ddl - Removing UNIQUE constraint definition from [ENCRYPTED_TRANSACTION.HASH] because it is also a primary key.
15:36:09.407 [main] WARN  eclipselink.logging.ddl - Removing UNIQUE constraint definition from [ENCRYPTED_RAW_TRANSACTION.HASH] because it is also a primary key.
15:36:09.412 [main] INFO  o.s.o.j.LocalContainerEntityManagerFactoryBean - Initialized JPA EntityManagerFactory for persistence unit 'tessera'
15:36:09.988 [main] INFO  c.q.t.t.TesseraScheduledExecutor - Starting PartyInfoPoller
15:36:10.019 [main] INFO  c.q.t.t.TesseraScheduledExecutor - Started PartyInfoPoller
15:36:10.094 [main] INFO  c.q.t.t.TesseraScheduledExecutor - Starting SyncPoller
15:36:10.115 [main] INFO  c.q.t.t.TesseraScheduledExecutor - Started SyncPoller
15:36:10.972 [main] INFO  o.g.grizzly.servlet.WebappContext - Starting application [WebappContext] ...
15:36:12.489 [main] INFO  o.g.grizzly.servlet.WebappContext - [WebappContext] Servlet [org.glassfish.jersey.servlet.ServletContainer] registered for url pattern(s) [[/*]].
15:36:12.502 [main] INFO  o.g.grizzly.servlet.WebappContext - Application [WebappContext] is ready to service requests.  Root: [].
15:36:12.516 [main] INFO  c.quorum.tessera.server.JerseyServer - Starting http://localhost:9081
15:36:13.125 [main] INFO  o.g.g.http.server.NetworkListener - Started listener bound to [localhost:9081]
15:36:13.127 [main] INFO  o.g.grizzly.http.server.HttpServer - [HttpServer] Started.
15:36:13.127 [main] INFO  c.quorum.tessera.server.JerseyServer - Started http://localhost:9081
15:36:13.128 [main] INFO  c.quorum.tessera.server.JerseyServer - WADL http://localhost:9081/application.wadl
15:36:13.129 [main] INFO  c.q.tessera.server.UnixSocketServer - Starting the Unix Domain Socket server
15:36:14.505 [main] INFO  o.g.grizzly.servlet.WebappContext - Starting application [WebappContext] ...
15:36:14.988 [main] INFO  o.g.grizzly.servlet.WebappContext - [WebappContext] Servlet [org.glassfish.jersey.servlet.ServletContainer] registered for url pattern(s) [[/*]].
15:36:14.990 [main] INFO  o.g.grizzly.servlet.WebappContext - Application [WebappContext] is ready to service requests.  Root: [].
15:36:14.990 [main] INFO  c.quorum.tessera.server.JerseyServer - Starting http://localhost:9001
15:36:15.157 [main] INFO  o.g.g.http.server.NetworkListener - Started listener bound to [localhost:9001]
15:36:15.164 [main] INFO  o.g.grizzly.http.server.HttpServer - [HttpServer-1] Started.
15:36:15.166 [main] INFO  c.quorum.tessera.server.JerseyServer - Started http://localhost:9001
15:36:15.167 [main] INFO  c.quorum.tessera.server.JerseyServer - WADL http://localhost:9001/application.wadl
15:36:15.571 [pool-2-thread-2] WARN  com.quorum.tessera.sync.SyncPoller - Server error java.net.ConnectException: Connection refused (Connection refused) when connecting to http://localhost:9003
15:36:15.572 [pool-2-thread-3] WARN  com.quorum.tessera.sync.SyncPoller - Server error java.net.ConnectException: Connection refused (Connection refused) when connecting to http://localhost:9004
15:36:15.582 [pool-1-thread-1] WARN  c.q.tessera.node.PartyInfoPoller - Server error java.net.ConnectException: Connection refused (Connection refused) when connecting to http://localhost:9003
15:36:15.587 [pool-1-thread-1] WARN  c.q.tessera.node.PartyInfoPoller - Server error java.net.ConnectException: Connection refused (Connection refused) when connecting to http://localhost:9004
15:36:15.983 [grizzly-http-server-3] INFO  c.q.tessera.api.filter.LoggingFilter - Enter Request : POST : /resend
15:36:16.003 [grizzly-http-server-4] INFO  c.q.tessera.api.filter.LoggingFilter - Enter Request : POST : /resend
15:36:16.192 [grizzly-http-server-4] INFO  c.q.t.t.EncryptedTransactionDAOImpl - Fetching all EncryptedTransaction database rows
15:36:16.194 [grizzly-http-server-3] INFO  c.q.t.t.EncryptedTransactionDAOImpl - Fetching all EncryptedTransaction database rows
15:36:16.604 [grizzly-http-server-7] INFO  c.q.tessera.api.filter.LoggingFilter - Enter Request : POST : /resend
15:36:16.609 [grizzly-http-server-7] INFO  c.q.t.t.EncryptedTransactionDAOImpl - Fetching all EncryptedTransaction database rows
15:36:16.848 [grizzly-http-server-3] INFO  c.q.tessera.api.filter.LoggingFilter - Exit Request : POST : /resend
15:36:16.849 [grizzly-http-server-4] INFO  c.q.tessera.api.filter.LoggingFilter - Exit Request : POST : /resend
15:36:16.849 [grizzly-http-server-3] INFO  c.q.tessera.api.filter.LoggingFilter - Response for resend : 200 OK
15:36:16.850 [grizzly-http-server-4] INFO  c.q.tessera.api.filter.LoggingFilter - Response for resend : 200 OK
15:36:16.861 [grizzly-http-server-7] INFO  c.q.tessera.api.filter.LoggingFilter - Exit Request : POST : /resend
15:36:16.864 [grizzly-http-server-7] INFO  c.q.tessera.api.filter.LoggingFilter - Response for resend : 200 OK
15:36:18.353 [pool-1-thread-1] WARN  c.q.tessera.node.PartyInfoPoller - Server error java.net.ConnectException: Connection refused (Connection refused) when connecting to http://localhost:9003
15:36:18.364 [pool-1-thread-1] WARN  c.q.tessera.node.PartyInfoPoller - Server error java.net.ConnectException: Connection refused (Connection refused) when connecting to http://localhost:9004
15:36:19.978 [grizzly-http-server-6] INFO  c.q.tessera.api.filter.LoggingFilter - Enter Request : POST : /resend
15:36:19.981 [grizzly-http-server-6] INFO  c.q.t.t.EncryptedTransactionDAOImpl - Fetching all EncryptedTransaction database rows
15:36:19.984 [grizzly-http-server-6] INFO  c.q.tessera.api.filter.LoggingFilter - Exit Request : POST : /resend
15:36:19.985 [grizzly-http-server-6] INFO  c.q.tessera.api.filter.LoggingFilter - Response for resend : 200 OK
15:36:20.585 [grizzly-http-server-0] INFO  c.q.t.api.common.UpCheckResource - GET upcheck
15:36:21.809 [grizzly-http-server-4] INFO  c.q.tessera.api.filter.LoggingFilter - Enter Request : POST : /resend
15:36:21.812 [grizzly-http-server-4] INFO  c.q.t.t.EncryptedTransactionDAOImpl - Fetching all EncryptedTransaction database rows
15:36:21.813 [grizzly-http-server-4] INFO  c.q.tessera.api.filter.LoggingFilter - Exit Request : POST : /resend
15:36:21.814 [grizzly-http-server-4] INFO  c.q.tessera.api.filter.LoggingFilter - Response for resend : 200 OK
15:36:21.823 [grizzly-http-server-3] INFO  c.q.tessera.api.filter.LoggingFilter - Enter Request : POST : /resend
15:36:21.827 [grizzly-http-server-3] INFO  c.q.t.t.EncryptedTransactionDAOImpl - Fetching all EncryptedTransaction database rows
15:36:21.829 [grizzly-http-server-3] INFO  c.q.tessera.api.filter.LoggingFilter - Exit Request : POST : /resend
15:36:21.830 [grizzly-http-server-3] INFO  c.q.tessera.api.filter.LoggingFilter - Response for resend : 200 OK
15:36:26.293 [jersey-server-managed-async-executor-0] INFO  c.q.t.api.common.UpCheckResource - GET upcheck
15:37:15.879 [grizzly-http-server-0] INFO  c.q.tessera.api.filter.LoggingFilter - Enter Request : POST : /resend
15:37:15.941 [grizzly-http-server-0] INFO  c.q.t.t.EncryptedTransactionDAOImpl - Fetching all EncryptedTransaction database rows
15:37:15.988 [grizzly-http-server-0] INFO  c.q.tessera.api.filter.LoggingFilter - Exit Request : POST : /resend
15:37:15.989 [grizzly-http-server-0] INFO  c.q.tessera.api.filter.LoggingFilter - Response for resend : 200 OK
15:37:18.221 [jersey-server-managed-async-executor-1] INFO  c.q.tessera.api.filter.LoggingFilter - Enter Request : POST : /sendraw
15:37:19.915 [grizzly-http-server-7] INFO  c.q.tessera.api.filter.LoggingFilter - Enter Request : POST : /resend
15:37:19.926 [grizzly-http-server-7] INFO  c.q.t.t.EncryptedTransactionDAOImpl - Fetching all EncryptedTransaction database rows
15:37:19.929 [grizzly-http-server-7] INFO  c.q.tessera.api.filter.LoggingFilter - Exit Request : POST : /resend
15:37:19.930 [grizzly-http-server-7] INFO  c.q.tessera.api.filter.LoggingFilter - Response for resend : 200 OK
15:37:19.957 [jersey-server-managed-async-executor-1] INFO  c.q.t.t.EncryptedTransactionDAOImpl - Stored transaction u451yLFopZaZ1U5NXWPdYApUJfi7rZKkdVem+WgioYrljLnSnqLyTIqd0wx7PO9mWMMRM7pxjv0WyrHd93cH3g==
15:37:19.966 [jersey-server-managed-async-executor-1] WARN  c.q.t.a.e.KeyNotFoundExceptionMapper - Recipient not found for key: JBN4hT5KFCfGqYV4RkEJfMsfI/NF42EDNs00RS+d6k0=
15:37:19.967 [jersey-server-managed-async-executor-1] INFO  c.q.tessera.api.filter.LoggingFilter - Exit Request : POST : /sendraw
15:37:19.967 [jersey-server-managed-async-executor-1] INFO  c.q.tessera.api.filter.LoggingFilter - Response for sendraw : 400 Bad Request
15:38:25.186 [jersey-server-managed-async-executor-2] INFO  c.q.tessera.api.filter.LoggingFilter - Enter Request : POST : /sendraw
15:38:25.208 [jersey-server-managed-async-executor-2] INFO  c.q.t.t.EncryptedTransactionDAOImpl - Stored transaction jBeGFKvtAz/pe2o8VDsCjif2roXcApZicqXVmTdpJ8BUQGTRs88txB6daFMyy5TxNs+2oSeaRl46dSuJmWBXig==
15:38:25.209 [jersey-server-managed-async-executor-2] WARN  c.q.t.a.e.KeyNotFoundExceptionMapper - Recipient not found for key: JBN4hT5KFCfGqYV4RkEJfMsfI/NF42EDNs00RS+d6k0=
15:38:25.210 [jersey-server-managed-async-executor-2] INFO  c.q.tessera.api.filter.LoggingFilter - Exit Request : POST : /sendraw
15:38:25.210 [jersey-server-managed-async-executor-2] INFO  c.q.tessera.api.filter.LoggingFilter - Response for sendraw : 400 Bad Request
15:40:26.204 [jersey-server-managed-async-executor-3] INFO  c.q.tessera.api.filter.LoggingFilter - Enter Request : POST : /sendraw
15:40:26.225 [jersey-server-managed-async-executor-3] INFO  c.q.t.t.EncryptedTransactionDAOImpl - Stored transaction 9XQ8AzQ/kiST7V/WeIdMyhmzEiTPuDMzOnx/WvbvfV0El3jRFopN/fWK+3EjzvDcGzNbV3LJc5+1tAoeuY8Q+A==
15:40:26.227 [jersey-server-managed-async-executor-3] WARN  c.q.t.a.e.KeyNotFoundExceptionMapper - Recipient not found for key: JBN4hT5KFCfGqYV4RkEJfMsfI/NF42EDNs00RS+d6k0=
15:40:26.227 [jersey-server-managed-async-executor-3] INFO  c.q.tessera.api.filter.LoggingFilter - Exit Request : POST : /sendraw
15:40:26.228 [jersey-server-managed-async-executor-3] INFO  c.q.tessera.api.filter.LoggingFilter - Response for sendraw : 400 Bad Request
15:40:44.300 [jersey-server-managed-async-executor-3] INFO  c.q.tessera.api.filter.LoggingFilter - Enter Request : POST : /sendraw
15:40:44.307 [jersey-server-managed-async-executor-3] INFO  c.q.t.t.EncryptedTransactionDAOImpl - Stored transaction V6vUQ8cdGopooNAWyeZZy9kYDf864Och3UxFM2PfwNju2BQOZbktuQtceY8bHH5/y6P8vhwtmManQLCiRSEwaw==
15:40:44.394 [jersey-server-managed-async-executor-3] INFO  c.q.tessera.api.filter.LoggingFilter - Exit Request : POST : /sendraw
15:40:44.394 [jersey-server-managed-async-executor-3] INFO  c.q.tessera.api.filter.LoggingFilter - Response for sendraw : 200 OK
15:41:28.773 [jersey-server-managed-async-executor-3] INFO  c.q.tessera.api.filter.LoggingFilter - Enter Request : POST : /sendraw
15:41:28.781 [jersey-server-managed-async-executor-3] INFO  c.q.t.t.EncryptedTransactionDAOImpl - Stored transaction B+gTnXczwiynvBL95DvAA9h9qCnt9O1JgaArLotiDr3pMBr2qTHPvzUGGPXOZHMvgk+HzbM7HnVOcS8IP1Pang==
15:41:28.803 [jersey-server-managed-async-executor-3] INFO  c.q.tessera.api.filter.LoggingFilter - Exit Request : POST : /sendraw
15:41:28.803 [jersey-server-managed-async-executor-3] INFO  c.q.tessera.api.filter.LoggingFilter - Response for sendraw : 200 OK
15:43:01.245 [jersey-server-managed-async-executor-3] INFO  c.q.tessera.api.filter.LoggingFilter - Enter Request : POST : /sendraw
15:43:01.276 [jersey-server-managed-async-executor-3] INFO  c.q.t.t.EncryptedTransactionDAOImpl - Stored transaction 5dZcI3qQh5a+vfOSwoMG15esQeW5LVXJQz0VC8Qems7mNVvlcmBrvUoftUQoddLC38GIbN3tBCSuMGB64qnxww==
15:43:01.277 [jersey-server-managed-async-executor-3] INFO  c.q.t.t.PayloadPublisherImpl - Publishing message to http://localhost:9002/
15:43:01.475 [jersey-server-managed-async-executor-3] INFO  c.q.t.t.PayloadPublisherImpl - Published to http://localhost:9002/
15:43:01.485 [jersey-server-managed-async-executor-3] INFO  c.q.tessera.api.filter.LoggingFilter - Exit Request : POST : /sendraw
15:43:01.486 [jersey-server-managed-async-executor-3] INFO  c.q.tessera.api.filter.LoggingFilter - Response for sendraw : 200 OK
15:46:44.333 [jersey-server-managed-async-executor-3] INFO  c.q.tessera.api.filter.LoggingFilter - Enter Request : POST : /sendraw
15:46:44.345 [jersey-server-managed-async-executor-3] INFO  c.q.t.t.EncryptedTransactionDAOImpl - Stored transaction uJ4Wn7vKih8UGd6xzS6cNsRQoyhBGF9vvnWExu+iILQHDcOCyCsF4EGMJ6zlpGIecnCOclO8O6epgzFJ5apwWw==
15:46:44.345 [jersey-server-managed-async-executor-3] INFO  c.q.t.t.PayloadPublisherImpl - Publishing message to http://localhost:9002/
15:46:44.380 [jersey-server-managed-async-executor-3] INFO  c.q.t.t.PayloadPublisherImpl - Published to http://localhost:9002/
15:46:44.406 [jersey-server-managed-async-executor-3] INFO  c.q.tessera.api.filter.LoggingFilter - Exit Request : POST : /sendraw
15:46:44.407 [jersey-server-managed-async-executor-3] INFO  c.q.tessera.api.filter.LoggingFilter - Response for sendraw : 200 OK
