15:36:08.825 [main] INFO  eclipselink.logging.all - EclipseLink, version: Eclipse Persistence Services - 2.7.3.v20180807-4be1041
15:36:10.109 [main] INFO  eclipselink.logging.connection - tessera login successful
15:36:10.365 [main] WARN  eclipselink.logging.ddl - Removing UNIQUE constraint definition from [ENCRYPTED_TRANSACTION.HASH] because it is also a primary key.
15:36:10.393 [main] WARN  eclipselink.logging.ddl - Removing UNIQUE constraint definition from [ENCRYPTED_RAW_TRANSACTION.HASH] because it is also a primary key.
15:36:10.397 [main] INFO  o.s.o.j.LocalContainerEntityManagerFactoryBean - Initialized JPA EntityManagerFactory for persistence unit 'tessera'
15:36:10.663 [main] INFO  c.q.t.t.TesseraScheduledExecutor - Starting PartyInfoPoller
15:36:10.704 [main] INFO  c.q.t.t.TesseraScheduledExecutor - Started PartyInfoPoller
15:36:10.742 [main] INFO  c.q.t.t.TesseraScheduledExecutor - Starting SyncPoller
15:36:10.761 [main] INFO  c.q.t.t.TesseraScheduledExecutor - Started SyncPoller
15:36:11.325 [main] INFO  o.g.grizzly.servlet.WebappContext - Starting application [WebappContext] ...
15:36:12.772 [main] INFO  o.g.grizzly.servlet.WebappContext - [WebappContext] Servlet [org.glassfish.jersey.servlet.ServletContainer] registered for url pattern(s) [[/*]].
15:36:12.791 [main] INFO  o.g.grizzly.servlet.WebappContext - Application [WebappContext] is ready to service requests.  Root: [].
15:36:12.791 [main] INFO  c.quorum.tessera.server.JerseyServer - Starting http://localhost:9082
15:36:13.160 [main] INFO  o.g.g.http.server.NetworkListener - Started listener bound to [localhost:9082]
15:36:13.165 [main] INFO  o.g.grizzly.http.server.HttpServer - [HttpServer] Started.
15:36:13.166 [main] INFO  c.quorum.tessera.server.JerseyServer - Started http://localhost:9082
15:36:13.166 [main] INFO  c.quorum.tessera.server.JerseyServer - WADL http://localhost:9082/application.wadl
15:36:13.167 [main] INFO  c.q.tessera.server.UnixSocketServer - Starting the Unix Domain Socket server
15:36:14.512 [main] INFO  o.g.grizzly.servlet.WebappContext - Starting application [WebappContext] ...
15:36:14.847 [main] INFO  o.g.grizzly.servlet.WebappContext - [WebappContext] Servlet [org.glassfish.jersey.servlet.ServletContainer] registered for url pattern(s) [[/*]].
15:36:14.849 [main] INFO  o.g.grizzly.servlet.WebappContext - Application [WebappContext] is ready to service requests.  Root: [].
15:36:14.850 [main] INFO  c.quorum.tessera.server.JerseyServer - Starting http://localhost:9002
15:36:14.991 [main] INFO  o.g.g.http.server.NetworkListener - Started listener bound to [localhost:9002]
15:36:14.992 [main] INFO  o.g.grizzly.http.server.HttpServer - [HttpServer-1] Started.
15:36:14.993 [main] INFO  c.quorum.tessera.server.JerseyServer - Started http://localhost:9002
15:36:14.993 [main] INFO  c.quorum.tessera.server.JerseyServer - WADL http://localhost:9002/application.wadl
15:36:16.281 [pool-2-thread-3] WARN  com.quorum.tessera.sync.SyncPoller - Server error java.net.ConnectException: Connection refused (Connection refused) when connecting to http://localhost:9004
15:36:16.336 [pool-2-thread-2] WARN  com.quorum.tessera.sync.SyncPoller - Server error java.net.ConnectException: Connection refused (Connection refused) when connecting to http://localhost:9003
15:36:16.337 [pool-1-thread-1] WARN  c.q.tessera.node.PartyInfoPoller - Server error java.net.ConnectException: Connection refused (Connection refused) when connecting to http://localhost:9003
15:36:16.348 [pool-1-thread-1] WARN  c.q.tessera.node.PartyInfoPoller - Server error java.net.ConnectException: Connection refused (Connection refused) when connecting to http://localhost:9004
15:36:16.353 [grizzly-http-server-5] INFO  c.q.tessera.api.filter.LoggingFilter - Enter Request : POST : /resend
15:36:16.623 [grizzly-http-server-1] INFO  c.q.tessera.api.filter.LoggingFilter - Enter Request : POST : /resend
15:36:16.630 [grizzly-http-server-7] INFO  c.q.tessera.api.filter.LoggingFilter - Enter Request : POST : /resend
15:36:16.701 [grizzly-http-server-1] INFO  c.q.t.t.EncryptedTransactionDAOImpl - Fetching all EncryptedTransaction database rows
15:36:16.703 [grizzly-http-server-7] INFO  c.q.t.t.EncryptedTransactionDAOImpl - Fetching all EncryptedTransaction database rows
15:36:16.702 [grizzly-http-server-5] INFO  c.q.t.t.EncryptedTransactionDAOImpl - Fetching all EncryptedTransaction database rows
15:36:16.986 [grizzly-http-server-1] INFO  c.q.tessera.api.filter.LoggingFilter - Exit Request : POST : /resend
15:36:16.989 [grizzly-http-server-1] INFO  c.q.tessera.api.filter.LoggingFilter - Response for resend : 200 OK
15:36:16.989 [grizzly-http-server-7] INFO  c.q.tessera.api.filter.LoggingFilter - Exit Request : POST : /resend
15:36:16.994 [grizzly-http-server-7] INFO  c.q.tessera.api.filter.LoggingFilter - Response for resend : 200 OK
15:36:17.012 [grizzly-http-server-5] INFO  c.q.tessera.api.filter.LoggingFilter - Exit Request : POST : /resend
15:36:17.013 [grizzly-http-server-5] INFO  c.q.tessera.api.filter.LoggingFilter - Response for resend : 200 OK
15:36:18.462 [pool-1-thread-1] WARN  c.q.tessera.node.PartyInfoPoller - Server error java.net.ConnectException: Connection refused (Connection refused) when connecting to http://localhost:9003
15:36:18.463 [pool-1-thread-1] WARN  c.q.tessera.node.PartyInfoPoller - Server error java.net.ConnectException: Connection refused (Connection refused) when connecting to http://localhost:9004
15:36:19.971 [grizzly-http-server-2] INFO  c.q.tessera.api.filter.LoggingFilter - Enter Request : POST : /resend
15:36:19.975 [grizzly-http-server-2] INFO  c.q.t.t.EncryptedTransactionDAOImpl - Fetching all EncryptedTransaction database rows
15:36:19.982 [grizzly-http-server-2] INFO  c.q.tessera.api.filter.LoggingFilter - Exit Request : POST : /resend
15:36:19.985 [grizzly-http-server-2] INFO  c.q.tessera.api.filter.LoggingFilter - Response for resend : 200 OK
15:36:20.654 [grizzly-http-server-0] INFO  c.q.t.api.common.UpCheckResource - GET upcheck
15:36:21.817 [grizzly-http-server-1] INFO  c.q.tessera.api.filter.LoggingFilter - Enter Request : POST : /resend
15:36:21.825 [grizzly-http-server-1] INFO  c.q.t.t.EncryptedTransactionDAOImpl - Fetching all EncryptedTransaction database rows
15:36:21.828 [grizzly-http-server-1] INFO  c.q.tessera.api.filter.LoggingFilter - Exit Request : POST : /resend
15:36:21.829 [grizzly-http-server-1] INFO  c.q.tessera.api.filter.LoggingFilter - Response for resend : 200 OK
15:36:21.821 [grizzly-http-server-7] INFO  c.q.tessera.api.filter.LoggingFilter - Enter Request : POST : /resend
15:36:21.836 [grizzly-http-server-7] INFO  c.q.t.t.EncryptedTransactionDAOImpl - Fetching all EncryptedTransaction database rows
15:36:21.837 [grizzly-http-server-7] INFO  c.q.tessera.api.filter.LoggingFilter - Exit Request : POST : /resend
15:36:21.840 [grizzly-http-server-7] INFO  c.q.tessera.api.filter.LoggingFilter - Response for resend : 200 OK
15:36:26.512 [jersey-server-managed-async-executor-0] INFO  c.q.t.api.common.UpCheckResource - GET upcheck
15:37:15.319 [grizzly-http-server-0] INFO  c.q.tessera.api.filter.LoggingFilter - Enter Request : POST : /resend
15:37:15.548 [grizzly-http-server-0] INFO  c.q.t.t.EncryptedTransactionDAOImpl - Fetching all EncryptedTransaction database rows
15:37:15.731 [grizzly-http-server-0] INFO  c.q.tessera.api.filter.LoggingFilter - Exit Request : POST : /resend
15:37:15.732 [grizzly-http-server-0] INFO  c.q.tessera.api.filter.LoggingFilter - Response for resend : 200 OK
15:37:19.822 [grizzly-http-server-1] INFO  c.q.tessera.api.filter.LoggingFilter - Enter Request : POST : /resend
15:37:19.832 [grizzly-http-server-1] INFO  c.q.t.t.EncryptedTransactionDAOImpl - Fetching all EncryptedTransaction database rows
15:37:19.852 [grizzly-http-server-1] INFO  c.q.tessera.api.filter.LoggingFilter - Exit Request : POST : /resend
15:37:19.853 [grizzly-http-server-1] INFO  c.q.tessera.api.filter.LoggingFilter - Response for resend : 200 OK
15:40:45.053 [jersey-server-managed-async-executor-1] INFO  c.q.tessera.api.filter.LoggingFilter - Enter Request : GET : /receiveraw
15:40:45.101 [jersey-server-managed-async-executor-1] INFO  c.q.t.t.TransactionManagerImpl - Lookup transaction V6vUQ8cdGopooNAWyeZZy9kYDf864Och3UxFM2PfwNju2BQOZbktuQtceY8bHH5/y6P8vhwtmManQLCiRSEwaw==
15:40:45.102 [jersey-server-managed-async-executor-1] INFO  c.q.t.t.EncryptedTransactionDAOImpl - Retrieving payload with hash V6vUQ8cdGopooNAWyeZZy9kYDf864Och3UxFM2PfwNju2BQOZbktuQtceY8bHH5/y6P8vhwtmManQLCiRSEwaw==
15:40:45.205 [jersey-server-managed-async-executor-1] INFO  c.q.t.a.e.TransactionNotFoundExceptionMapper - Message with hash V6vUQ8cdGopooNAWyeZZy9kYDf864Och3UxFM2PfwNju2BQOZbktuQtceY8bHH5/y6P8vhwtmManQLCiRSEwaw== was not found
15:40:45.206 [jersey-server-managed-async-executor-1] INFO  c.q.tessera.api.filter.LoggingFilter - Exit Request : GET : /receiveraw
15:40:45.206 [jersey-server-managed-async-executor-1] INFO  c.q.tessera.api.filter.LoggingFilter - Response for receiveraw : 404 Not Found
15:41:30.046 [jersey-server-managed-async-executor-2] INFO  c.q.tessera.api.filter.LoggingFilter - Enter Request : GET : /receiveraw
15:41:30.049 [jersey-server-managed-async-executor-2] INFO  c.q.t.t.TransactionManagerImpl - Lookup transaction B+gTnXczwiynvBL95DvAA9h9qCnt9O1JgaArLotiDr3pMBr2qTHPvzUGGPXOZHMvgk+HzbM7HnVOcS8IP1Pang==
15:41:30.050 [jersey-server-managed-async-executor-2] INFO  c.q.t.t.EncryptedTransactionDAOImpl - Retrieving payload with hash B+gTnXczwiynvBL95DvAA9h9qCnt9O1JgaArLotiDr3pMBr2qTHPvzUGGPXOZHMvgk+HzbM7HnVOcS8IP1Pang==
15:41:30.055 [jersey-server-managed-async-executor-2] INFO  c.q.t.a.e.TransactionNotFoundExceptionMapper - Message with hash B+gTnXczwiynvBL95DvAA9h9qCnt9O1JgaArLotiDr3pMBr2qTHPvzUGGPXOZHMvgk+HzbM7HnVOcS8IP1Pang== was not found
15:41:30.056 [jersey-server-managed-async-executor-2] INFO  c.q.tessera.api.filter.LoggingFilter - Exit Request : GET : /receiveraw
15:41:30.057 [jersey-server-managed-async-executor-2] INFO  c.q.tessera.api.filter.LoggingFilter - Response for receiveraw : 404 Not Found
15:43:01.282 [grizzly-http-server-1] INFO  c.q.tessera.api.filter.LoggingFilter - Enter Request : POST : /push
15:43:01.415 [grizzly-http-server-1] INFO  c.q.t.t.EncryptedTransactionDAOImpl - Stored transaction 5dZcI3qQh5a+vfOSwoMG15esQeW5LVXJQz0VC8Qems7mNVvlcmBrvUoftUQoddLC38GIbN3tBCSuMGB64qnxww==
15:43:01.466 [grizzly-http-server-1] INFO  c.q.t.t.TransactionManagerImpl - Stored payload with hash 5dZcI3qQh5a+vfOSwoMG15esQeW5LVXJQz0VC8Qems7mNVvlcmBrvUoftUQoddLC38GIbN3tBCSuMGB64qnxww==
15:43:01.470 [grizzly-http-server-1] INFO  c.q.tessera.api.filter.LoggingFilter - Exit Request : POST : /push
15:43:01.471 [grizzly-http-server-1] INFO  c.q.tessera.api.filter.LoggingFilter - Response for push : 201 Created
15:43:05.043 [jersey-server-managed-async-executor-3] INFO  c.q.tessera.api.filter.LoggingFilter - Enter Request : GET : /receiveraw
15:43:05.046 [jersey-server-managed-async-executor-3] INFO  c.q.t.t.TransactionManagerImpl - Lookup transaction 5dZcI3qQh5a+vfOSwoMG15esQeW5LVXJQz0VC8Qems7mNVvlcmBrvUoftUQoddLC38GIbN3tBCSuMGB64qnxww==
15:43:05.047 [jersey-server-managed-async-executor-3] INFO  c.q.t.t.EncryptedTransactionDAOImpl - Retrieving payload with hash 5dZcI3qQh5a+vfOSwoMG15esQeW5LVXJQz0VC8Qems7mNVvlcmBrvUoftUQoddLC38GIbN3tBCSuMGB64qnxww==
15:43:05.135 [jersey-server-managed-async-executor-3] INFO  c.q.tessera.api.filter.LoggingFilter - Exit Request : GET : /receiveraw
15:43:05.135 [jersey-server-managed-async-executor-3] INFO  c.q.tessera.api.filter.LoggingFilter - Response for receiveraw : 200 OK
15:46:44.349 [grizzly-http-server-7] INFO  c.q.tessera.api.filter.LoggingFilter - Enter Request : POST : /push
15:46:44.366 [grizzly-http-server-7] INFO  c.q.t.t.EncryptedTransactionDAOImpl - Stored transaction uJ4Wn7vKih8UGd6xzS6cNsRQoyhBGF9vvnWExu+iILQHDcOCyCsF4EGMJ6zlpGIecnCOclO8O6epgzFJ5apwWw==
15:46:44.378 [grizzly-http-server-7] INFO  c.q.t.t.TransactionManagerImpl - Stored payload with hash uJ4Wn7vKih8UGd6xzS6cNsRQoyhBGF9vvnWExu+iILQHDcOCyCsF4EGMJ6zlpGIecnCOclO8O6epgzFJ5apwWw==
15:46:44.379 [grizzly-http-server-7] INFO  c.q.tessera.api.filter.LoggingFilter - Exit Request : POST : /push
15:46:44.379 [grizzly-http-server-7] INFO  c.q.tessera.api.filter.LoggingFilter - Response for push : 201 Created
15:46:45.048 [jersey-server-managed-async-executor-3] INFO  c.q.tessera.api.filter.LoggingFilter - Enter Request : GET : /receiveraw
15:46:45.111 [jersey-server-managed-async-executor-3] INFO  c.q.t.t.TransactionManagerImpl - Lookup transaction uJ4Wn7vKih8UGd6xzS6cNsRQoyhBGF9vvnWExu+iILQHDcOCyCsF4EGMJ6zlpGIecnCOclO8O6epgzFJ5apwWw==
15:46:45.112 [jersey-server-managed-async-executor-3] INFO  c.q.t.t.EncryptedTransactionDAOImpl - Retrieving payload with hash uJ4Wn7vKih8UGd6xzS6cNsRQoyhBGF9vvnWExu+iILQHDcOCyCsF4EGMJ6zlpGIecnCOclO8O6epgzFJ5apwWw==
15:46:45.143 [jersey-server-managed-async-executor-3] INFO  c.q.tessera.api.filter.LoggingFilter - Exit Request : GET : /receiveraw
15:46:45.144 [jersey-server-managed-async-executor-3] INFO  c.q.tessera.api.filter.LoggingFilter - Response for receiveraw : 200 OK
