15:36:12.514 [main] INFO  eclipselink.logging.all - EclipseLink, version: Eclipse Persistence Services - 2.7.3.v20180807-4be1041
15:36:13.682 [main] INFO  eclipselink.logging.connection - tessera login successful
15:36:13.802 [main] WARN  eclipselink.logging.ddl - Removing UNIQUE constraint definition from [ENCRYPTED_TRANSACTION.HASH] because it is also a primary key.
15:36:13.842 [main] WARN  eclipselink.logging.ddl - Removing UNIQUE constraint definition from [ENCRYPTED_RAW_TRANSACTION.HASH] because it is also a primary key.
15:36:13.847 [main] INFO  o.s.o.j.LocalContainerEntityManagerFactoryBean - Initialized JPA EntityManagerFactory for persistence unit 'tessera'
15:36:14.472 [main] INFO  c.q.t.t.TesseraScheduledExecutor - Starting PartyInfoPoller
15:36:14.484 [main] INFO  c.q.t.t.TesseraScheduledExecutor - Started PartyInfoPoller
15:36:14.600 [main] INFO  c.q.t.t.TesseraScheduledExecutor - Starting SyncPoller
15:36:14.651 [main] INFO  c.q.t.t.TesseraScheduledExecutor - Started SyncPoller
15:36:15.603 [main] INFO  o.g.grizzly.servlet.WebappContext - Starting application [WebappContext] ...
15:36:17.284 [main] INFO  o.g.grizzly.servlet.WebappContext - [WebappContext] Servlet [org.glassfish.jersey.servlet.ServletContainer] registered for url pattern(s) [[/*]].
15:36:17.299 [main] INFO  o.g.grizzly.servlet.WebappContext - Application [WebappContext] is ready to service requests.  Root: [].
15:36:17.300 [main] INFO  c.quorum.tessera.server.JerseyServer - Starting http://localhost:9083
15:36:17.609 [main] INFO  o.g.g.http.server.NetworkListener - Started listener bound to [localhost:9083]
15:36:17.612 [main] INFO  o.g.grizzly.http.server.HttpServer - [HttpServer] Started.
15:36:17.613 [main] INFO  c.quorum.tessera.server.JerseyServer - Started http://localhost:9083
15:36:17.613 [main] INFO  c.quorum.tessera.server.JerseyServer - WADL http://localhost:9083/application.wadl
15:36:17.614 [main] INFO  c.q.tessera.server.UnixSocketServer - Starting the Unix Domain Socket server
15:36:18.451 [main] INFO  o.g.grizzly.servlet.WebappContext - Starting application [WebappContext] ...
15:36:18.806 [main] INFO  o.g.grizzly.servlet.WebappContext - [WebappContext] Servlet [org.glassfish.jersey.servlet.ServletContainer] registered for url pattern(s) [[/*]].
15:36:18.814 [main] INFO  o.g.grizzly.servlet.WebappContext - Application [WebappContext] is ready to service requests.  Root: [].
15:36:18.818 [main] INFO  c.quorum.tessera.server.JerseyServer - Starting http://localhost:9003
15:36:19.040 [main] INFO  o.g.g.http.server.NetworkListener - Started listener bound to [localhost:9003]
15:36:19.044 [main] INFO  o.g.grizzly.http.server.HttpServer - [HttpServer-1] Started.
15:36:19.045 [main] INFO  c.quorum.tessera.server.JerseyServer - Started http://localhost:9003
15:36:19.047 [main] INFO  c.quorum.tessera.server.JerseyServer - WADL http://localhost:9003/application.wadl
15:36:20.242 [grizzly-http-server-3] INFO  c.q.tessera.api.filter.LoggingFilter - Enter Request : POST : /resend
15:36:20.246 [grizzly-http-server-4] INFO  c.q.tessera.api.filter.LoggingFilter - Enter Request : POST : /resend
15:36:20.415 [grizzly-http-server-4] INFO  c.q.t.t.EncryptedTransactionDAOImpl - Fetching all EncryptedTransaction database rows
15:36:20.428 [grizzly-http-server-3] INFO  c.q.t.t.EncryptedTransactionDAOImpl - Fetching all EncryptedTransaction database rows
15:36:20.690 [grizzly-http-server-0] INFO  c.q.t.api.common.UpCheckResource - GET upcheck
15:36:20.828 [grizzly-http-server-4] INFO  c.q.tessera.api.filter.LoggingFilter - Exit Request : POST : /resend
15:36:20.828 [grizzly-http-server-4] INFO  c.q.tessera.api.filter.LoggingFilter - Response for resend : 200 OK
15:36:20.831 [grizzly-http-server-3] INFO  c.q.tessera.api.filter.LoggingFilter - Exit Request : POST : /resend
15:36:20.837 [grizzly-http-server-3] INFO  c.q.tessera.api.filter.LoggingFilter - Response for resend : 200 OK
15:36:21.825 [grizzly-http-server-2] INFO  c.q.tessera.api.filter.LoggingFilter - Enter Request : POST : /resend
15:36:21.829 [grizzly-http-server-2] INFO  c.q.t.t.EncryptedTransactionDAOImpl - Fetching all EncryptedTransaction database rows
15:36:21.835 [grizzly-http-server-2] INFO  c.q.tessera.api.filter.LoggingFilter - Exit Request : POST : /resend
15:36:21.840 [grizzly-http-server-2] INFO  c.q.tessera.api.filter.LoggingFilter - Response for resend : 200 OK
15:36:21.856 [grizzly-http-server-0] INFO  c.q.tessera.api.filter.LoggingFilter - Enter Request : POST : /resend
15:36:21.859 [grizzly-http-server-0] INFO  c.q.t.t.EncryptedTransactionDAOImpl - Fetching all EncryptedTransaction database rows
15:36:21.861 [grizzly-http-server-0] INFO  c.q.tessera.api.filter.LoggingFilter - Exit Request : POST : /resend
15:36:21.861 [grizzly-http-server-0] INFO  c.q.tessera.api.filter.LoggingFilter - Response for resend : 200 OK
15:36:27.165 [jersey-server-managed-async-executor-0] INFO  c.q.t.api.common.UpCheckResource - GET upcheck
15:37:15.322 [grizzly-http-server-5] INFO  c.q.tessera.api.filter.LoggingFilter - Enter Request : POST : /resend
15:37:15.324 [grizzly-http-server-6] INFO  c.q.tessera.api.filter.LoggingFilter - Enter Request : POST : /resend
15:37:15.568 [grizzly-http-server-5] INFO  c.q.t.t.EncryptedTransactionDAOImpl - Fetching all EncryptedTransaction database rows
15:37:15.569 [grizzly-http-server-6] INFO  c.q.t.t.EncryptedTransactionDAOImpl - Fetching all EncryptedTransaction database rows
15:37:15.759 [grizzly-http-server-6] INFO  c.q.tessera.api.filter.LoggingFilter - Exit Request : POST : /resend
15:37:15.759 [grizzly-http-server-5] INFO  c.q.tessera.api.filter.LoggingFilter - Exit Request : POST : /resend
15:37:15.760 [grizzly-http-server-5] INFO  c.q.tessera.api.filter.LoggingFilter - Response for resend : 200 OK
15:37:15.760 [grizzly-http-server-6] INFO  c.q.tessera.api.filter.LoggingFilter - Response for resend : 200 OK
15:37:15.863 [grizzly-http-server-2] INFO  c.q.tessera.api.filter.LoggingFilter - Enter Request : POST : /resend
15:37:15.865 [grizzly-http-server-2] INFO  c.q.t.t.EncryptedTransactionDAOImpl - Fetching all EncryptedTransaction database rows
15:37:15.867 [grizzly-http-server-2] INFO  c.q.tessera.api.filter.LoggingFilter - Exit Request : POST : /resend
15:37:15.868 [grizzly-http-server-2] INFO  c.q.tessera.api.filter.LoggingFilter - Response for resend : 200 OK
15:37:15.877 [grizzly-http-server-3] INFO  c.q.tessera.api.filter.LoggingFilter - Enter Request : POST : /resend
15:37:15.880 [grizzly-http-server-3] INFO  c.q.t.t.EncryptedTransactionDAOImpl - Fetching all EncryptedTransaction database rows
15:37:15.882 [grizzly-http-server-3] INFO  c.q.tessera.api.filter.LoggingFilter - Exit Request : POST : /resend
15:37:15.882 [grizzly-http-server-3] INFO  c.q.tessera.api.filter.LoggingFilter - Response for resend : 200 OK
15:40:45.077 [jersey-server-managed-async-executor-1] INFO  c.q.tessera.api.filter.LoggingFilter - Enter Request : GET : /receiveraw
15:40:45.194 [jersey-server-managed-async-executor-1] INFO  c.q.t.t.TransactionManagerImpl - Lookup transaction V6vUQ8cdGopooNAWyeZZy9kYDf864Och3UxFM2PfwNju2BQOZbktuQtceY8bHH5/y6P8vhwtmManQLCiRSEwaw==
15:40:45.195 [jersey-server-managed-async-executor-1] INFO  c.q.t.t.EncryptedTransactionDAOImpl - Retrieving payload with hash V6vUQ8cdGopooNAWyeZZy9kYDf864Och3UxFM2PfwNju2BQOZbktuQtceY8bHH5/y6P8vhwtmManQLCiRSEwaw==
15:40:45.286 [jersey-server-managed-async-executor-1] INFO  c.q.t.a.e.TransactionNotFoundExceptionMapper - Message with hash V6vUQ8cdGopooNAWyeZZy9kYDf864Och3UxFM2PfwNju2BQOZbktuQtceY8bHH5/y6P8vhwtmManQLCiRSEwaw== was not found
15:40:45.287 [jersey-server-managed-async-executor-1] INFO  c.q.tessera.api.filter.LoggingFilter - Exit Request : GET : /receiveraw
15:40:45.288 [jersey-server-managed-async-executor-1] INFO  c.q.tessera.api.filter.LoggingFilter - Response for receiveraw : 404 Not Found
15:41:30.047 [jersey-server-managed-async-executor-2] INFO  c.q.tessera.api.filter.LoggingFilter - Enter Request : GET : /receiveraw
15:41:30.054 [jersey-server-managed-async-executor-2] INFO  c.q.t.t.TransactionManagerImpl - Lookup transaction B+gTnXczwiynvBL95DvAA9h9qCnt9O1JgaArLotiDr3pMBr2qTHPvzUGGPXOZHMvgk+HzbM7HnVOcS8IP1Pang==
15:41:30.055 [jersey-server-managed-async-executor-2] INFO  c.q.t.t.EncryptedTransactionDAOImpl - Retrieving payload with hash B+gTnXczwiynvBL95DvAA9h9qCnt9O1JgaArLotiDr3pMBr2qTHPvzUGGPXOZHMvgk+HzbM7HnVOcS8IP1Pang==
15:41:30.067 [jersey-server-managed-async-executor-2] INFO  c.q.t.a.e.TransactionNotFoundExceptionMapper - Message with hash B+gTnXczwiynvBL95DvAA9h9qCnt9O1JgaArLotiDr3pMBr2qTHPvzUGGPXOZHMvgk+HzbM7HnVOcS8IP1Pang== was not found
15:41:30.070 [jersey-server-managed-async-executor-2] INFO  c.q.tessera.api.filter.LoggingFilter - Exit Request : GET : /receiveraw
15:41:30.073 [jersey-server-managed-async-executor-2] INFO  c.q.tessera.api.filter.LoggingFilter - Response for receiveraw : 404 Not Found
15:43:05.049 [jersey-server-managed-async-executor-3] INFO  c.q.tessera.api.filter.LoggingFilter - Enter Request : GET : /receiveraw
15:43:05.058 [jersey-server-managed-async-executor-3] INFO  c.q.t.t.TransactionManagerImpl - Lookup transaction 5dZcI3qQh5a+vfOSwoMG15esQeW5LVXJQz0VC8Qems7mNVvlcmBrvUoftUQoddLC38GIbN3tBCSuMGB64qnxww==
15:43:05.059 [jersey-server-managed-async-executor-3] INFO  c.q.t.t.EncryptedTransactionDAOImpl - Retrieving payload with hash 5dZcI3qQh5a+vfOSwoMG15esQeW5LVXJQz0VC8Qems7mNVvlcmBrvUoftUQoddLC38GIbN3tBCSuMGB64qnxww==
15:43:05.069 [jersey-server-managed-async-executor-3] INFO  c.q.t.a.e.TransactionNotFoundExceptionMapper - Message with hash 5dZcI3qQh5a+vfOSwoMG15esQeW5LVXJQz0VC8Qems7mNVvlcmBrvUoftUQoddLC38GIbN3tBCSuMGB64qnxww== was not found
15:43:05.070 [jersey-server-managed-async-executor-3] INFO  c.q.tessera.api.filter.LoggingFilter - Exit Request : GET : /receiveraw
15:43:05.070 [jersey-server-managed-async-executor-3] INFO  c.q.tessera.api.filter.LoggingFilter - Response for receiveraw : 404 Not Found
15:46:45.069 [jersey-server-managed-async-executor-3] INFO  c.q.tessera.api.filter.LoggingFilter - Enter Request : GET : /receiveraw
15:46:45.165 [jersey-server-managed-async-executor-3] INFO  c.q.t.t.TransactionManagerImpl - Lookup transaction uJ4Wn7vKih8UGd6xzS6cNsRQoyhBGF9vvnWExu+iILQHDcOCyCsF4EGMJ6zlpGIecnCOclO8O6epgzFJ5apwWw==
15:46:45.172 [jersey-server-managed-async-executor-3] INFO  c.q.t.t.EncryptedTransactionDAOImpl - Retrieving payload with hash uJ4Wn7vKih8UGd6xzS6cNsRQoyhBGF9vvnWExu+iILQHDcOCyCsF4EGMJ6zlpGIecnCOclO8O6epgzFJ5apwWw==
15:46:45.175 [jersey-server-managed-async-executor-3] INFO  c.q.t.a.e.TransactionNotFoundExceptionMapper - Message with hash uJ4Wn7vKih8UGd6xzS6cNsRQoyhBGF9vvnWExu+iILQHDcOCyCsF4EGMJ6zlpGIecnCOclO8O6epgzFJ5apwWw== was not found
15:46:45.176 [jersey-server-managed-async-executor-3] INFO  c.q.tessera.api.filter.LoggingFilter - Exit Request : GET : /receiveraw
15:46:45.177 [jersey-server-managed-async-executor-3] INFO  c.q.tessera.api.filter.LoggingFilter - Response for receiveraw : 404 Not Found
